<?xml version="1.0" encoding="UTF-8"?>
<!-- Generated by org.testng.reporters.JUnitXMLReporter -->
<testsuite ignored="0" hostname="Abhi" failures="0" tests="4" name="Default test" time="0.055" errors="0" timestamp="2023-06-16T20:46:39 IST">
  <testcase classname="TestNg.demo" name="createContact" time="0.007"/>
  <testcase classname="TestNg.demo" name="createContact" time="0.0"/>
  <testcase classname="TestNg.demo" name="deleteContact" time="0.003"/>
  <testcase classname="TestNg.demo" name="modifyContact" time="0.001"/>
</testsuite> <!-- Default test -->
