<?xml version="1.0" encoding="UTF-8"?>
<testng-results ignored="0" total="4" passed="4" failed="0" skipped="0">
  <reporter-output>
  </reporter-output>
  <suite started-at="2023-06-16T20:46:38 IST" name="Default suite" finished-at="2023-06-16T20:46:39 IST" duration-ms="55">
    <groups>
    </groups>
    <test started-at="2023-06-16T20:46:38 IST" name="Default test" finished-at="2023-06-16T20:46:39 IST" duration-ms="55">
      <class name="TestNg.demo">
        <test-method signature="createContact()[pri:0, instance:TestNg.demo@16293aa2]" started-at="2023-06-16T20:46:38 IST" name="createContact" finished-at="2023-06-16T20:46:39 IST" duration-ms="7" status="PASS">
          <reporter-output>
          </reporter-output>
        </test-method> <!-- createContact -->
        <test-method signature="createContact()[pri:0, instance:TestNg.demo@16293aa2]" started-at="2023-06-16T20:46:39 IST" name="createContact" finished-at="2023-06-16T20:46:39 IST" duration-ms="0" status="PASS">
          <reporter-output>
          </reporter-output>
        </test-method> <!-- createContact -->
        <test-method signature="deleteContact()[pri:1, instance:TestNg.demo@16293aa2]" started-at="2023-06-16T20:46:39 IST" name="deleteContact" finished-at="2023-06-16T20:46:39 IST" duration-ms="3" status="PASS">
          <reporter-output>
          </reporter-output>
        </test-method> <!-- deleteContact -->
        <test-method signature="modifyContact()[pri:2, instance:TestNg.demo@16293aa2]" started-at="2023-06-16T20:46:39 IST" name="modifyContact" finished-at="2023-06-16T20:46:39 IST" duration-ms="1" status="PASS">
          <reporter-output>
          </reporter-output>
        </test-method> <!-- modifyContact -->
      </class> <!-- TestNg.demo -->
    </test> <!-- Default test -->
  </suite> <!-- Default suite -->
</testng-results>
